[debug] [2023-05-14T15:19:57.931Z] ----------------------------------------------------------------------
[debug] [2023-05-14T15:19:57.933Z] Command:       C:\Program Files\nodejs\node.exe C:\Users\Alex\AppData\Roaming\npm\node_modules\firebase-tools\lib\bin\firebase.js init
[debug] [2023-05-14T15:19:57.933Z] CLI Version:   11.30.0
[debug] [2023-05-14T15:19:57.933Z] Platform:      win32
[debug] [2023-05-14T15:19:57.933Z] Node Version:  v16.17.0
[debug] [2023-05-14T15:19:57.934Z] Time:          Sun May 14 2023 11:19:57 GMT-0400 (Eastern Daylight Time)
[debug] [2023-05-14T15:19:57.934Z] ----------------------------------------------------------------------
[debug] 
[debug] [2023-05-14T15:19:57.938Z] >>> [apiv2][query] GET https://firebase-public.firebaseio.com/cli.json [none]
[debug] [2023-05-14T15:19:57.971Z] > command requires scopes: ["email","openid","https://www.googleapis.com/auth/cloudplatformprojects.readonly","https://www.googleapis.com/auth/firebase","https://www.googleapis.com/auth/cloud-platform"]
[debug] [2023-05-14T15:19:57.972Z] > authorizing via signed-in user (alexlin7211@gmail.com)
[info] 
     ######## #### ########  ######## ########     ###     ######  ########
     ##        ##  ##     ## ##       ##     ##  ##   ##  ##       ##
     ######    ##  ########  ######   ########  #########  ######  ######
     ##        ##  ##    ##  ##       ##     ## ##     ##       ## ##
     ##       #### ##     ## ######## ########  ##     ##  ######  ########

You're about to initialize a Firebase project in this directory:

  C:\Users\Alex\Desktop\react-firebase\my-app

[debug] [2023-05-14T15:19:58.197Z] <<< [apiv2][status] GET https://firebase-public.firebaseio.com/cli.json 200
[debug] [2023-05-14T15:19:58.197Z] <<< [apiv2][body] GET https://firebase-public.firebaseio.com/cli.json {"cloudBuildErrorAfter":1594252800000,"cloudBuildWarnAfter":1590019200000,"defaultNode10After":1594252800000,"minVersion":"3.0.5","node8DeploysDisabledAfter":1613390400000,"node8RuntimeDisabledAfter":1615809600000,"node8WarnAfter":1600128000000}
[info] 
=== Project Setup
[info] 
[info] First, let's associate this project directory with a Firebase project.
[info] You can create multiple project aliases by running firebase use --add, 
[info] but for now we'll just set up a default project.
[info] 
[debug] [2023-05-14T15:20:54.643Z] > refreshing access token with scopes: []
[debug] [2023-05-14T15:20:54.646Z] >>> [apiv2][query] POST https://www.googleapis.com/oauth2/v3/token [none]
[debug] [2023-05-14T15:20:54.646Z] >>> [apiv2][body] POST https://www.googleapis.com/oauth2/v3/token [omitted]
[debug] [2023-05-14T15:20:54.851Z] <<< [apiv2][status] POST https://www.googleapis.com/oauth2/v3/token 200
[debug] [2023-05-14T15:20:54.851Z] <<< [apiv2][body] POST https://www.googleapis.com/oauth2/v3/token [omitted]
[debug] [2023-05-14T15:20:54.866Z] >>> [apiv2][query] GET https://firebase.googleapis.com/v1beta1/projects pageSize=100
[debug] [2023-05-14T15:20:55.311Z] <<< [apiv2][status] GET https://firebase.googleapis.com/v1beta1/projects 200
[debug] [2023-05-14T15:20:55.312Z] <<< [apiv2][body] GET https://firebase.googleapis.com/v1beta1/projects [omitted]
[info] i  Using project begin-9bf91 (Begin) 
[info] 
=== Hosting Setup
[info] 
[info] Your public directory is the folder (relative to your project directory) that
[info] will contain Hosting assets to be uploaded with firebase deploy. If you
[info] have a build process for your assets, use your build's output directory.
[info] 
[info] +  Wrote (public)/404.html 
[debug] [2023-05-14T15:22:27.084Z] >>> [apiv2][query] GET https://www.gstatic.com/firebasejs/releases.json [none]
[debug] [2023-05-14T15:22:27.257Z] <<< [apiv2][status] GET https://www.gstatic.com/firebasejs/releases.json 200
[debug] [2023-05-14T15:22:27.257Z] <<< [apiv2][body] GET https://www.gstatic.com/firebasejs/releases.json {"current":{"version":"9.22.0","browserURL":"https://www.gstatic.com/firebasejs/9.22.0/firebase.js","packageURL":"https://www.gstatic.com/firebasejs/9.22.0/firebase.tgz"},"live":{"version":"9.22","browserURL":"https://www.gstatic.com/firebasejs/live/9.22/firebase.js","packageURL":"https://www.gstatic.com/firebasejs/live/9.22/firebase.tgz"},"components":{"analytics":"https://www.gstatic.com/firebasejs/9.22.0/firebase-analytics.js","app":"https://www.gstatic.com/firebasejs/9.22.0/firebase-app.js","app-check":"https://www.gstatic.com/firebasejs/9.22.0/firebase-app-check.js","auth":"https://www.gstatic.com/firebasejs/9.22.0/firebase-auth.js","auth/cordova":"https://www.gstatic.com/firebasejs/9.22.0/firebase-auth/cordova.js","auth/react-native":"https://www.gstatic.com/firebasejs/9.22.0/firebase-auth/react-native.js","functions":"https://www.gstatic.com/firebasejs/9.22.0/firebase-functions.js","firestore":"https://www.gstatic.com/firebasejs/9.22.0/firebase-firestore.js","firestore/lite":"https://www.gstatic.com/firebasejs/9.22.0/firebase-firestore/lite.js","installations":"https://www.gstatic.com/firebasejs/9.22.0/firebase-installations.js","storage":"https://www.gstatic.com/firebasejs/9.22.0/firebase-storage.js","performance":"https://www.gstatic.com/firebasejs/9.22.0/firebase-performance.js","remote-config":"https://www.gstatic.com/firebasejs/9.22.0/firebase-remote-config.js","messaging":"https://www.gstatic.com/firebasejs/9.22.0/firebase-messaging.js","messaging/sw":"https://www.gstatic.com/firebasejs/9.22.0/firebase-messaging/sw.js","database":"https://www.gstatic.com/firebasejs/9.22.0/firebase-database.js","firestore.memory":"https://www.gstatic.com/firebasejs/9.22.0/firebase-firestore.memory.js"}}
[info] +  Wrote (public)/index.html 
[info] 
[info] i  Didn't detect a .git folder. Assuming C:\Users\Alex\Desktop\react-firebase\my-app is the project root. 
[info] i  Authorizing with GitHub to upload your service account to a GitHub repository's secrets store. 
[info] 
[info] Visit this URL on this device to log in:
[info] https://github.com/login/oauth/authorize?client_id=89cf50f02ac6aaed3484&state=612851513&redirect_uri=http%3A%2F%2Flocalhost%3A9005&scope=read%3Auser%20repo%20public_repo
[info] 
[info] Waiting for authentication...
[debug] [2023-05-14T15:22:42.243Z] >>> [apiv2][query] POST https://github.com/login/oauth/access_token [none]
[debug] [2023-05-14T15:22:42.243Z] >>> [apiv2][body] POST https://github.com/login/oauth/access_token [stream]
[debug] [2023-05-14T15:22:42.504Z] <<< [apiv2][status] POST https://github.com/login/oauth/access_token 200
[debug] [2023-05-14T15:22:42.504Z] <<< [apiv2][body] POST https://github.com/login/oauth/access_token {"access_token":"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","token_type":"bearer","scope":"read:user,repo"}
[debug] [2023-05-14T15:22:42.518Z] >>> [apiv2][query] GET https://api.github.com/user [none]
[debug] [2023-05-14T15:22:42.828Z] <<< [apiv2][status] GET https://api.github.com/user 200
[debug] [2023-05-14T15:22:42.829Z] <<< [apiv2][body] GET https://api.github.com/user {"login":"getter111","id":92635104,"node_id":"U_kgDOBYV_4A","avatar_url":"https://avatars.githubusercontent.com/u/92635104?v=4","gravatar_id":"","url":"https://api.github.com/users/getter111","html_url":"https://github.com/getter111","followers_url":"https://api.github.com/users/getter111/followers","following_url":"https://api.github.com/users/getter111/following{/other_user}","gists_url":"https://api.github.com/users/getter111/gists{/gist_id}","starred_url":"https://api.github.com/users/getter111/starred{/owner}{/repo}","subscriptions_url":"https://api.github.com/users/getter111/subscriptions","organizations_url":"https://api.github.com/users/getter111/orgs","repos_url":"https://api.github.com/users/getter111/repos","events_url":"https://api.github.com/users/getter111/events{/privacy}","received_events_url":"https://api.github.com/users/getter111/received_events","type":"User","site_admin":false,"name":"Alex Lin","company":null,"blog":"","location":null,"email":null,"hireable":null,"bio":"Clemson '25\r\n","twitter_username":null,"public_repos":12,"public_gists":0,"followers":2,"following":4,"created_at":"2021-10-16T13:15:43Z","updated_at":"2023-05-14T15:22:35Z","private_gists":0,"total_private_repos":0,"owned_private_repos":0,"disk_usage":23593,"collaborators":0,"two_factor_authentication":false,"plan":{"name":"free","space":976562499,"collaborators":0,"private_repos":10000}}
[info] 
[info] +  Success! Logged into GitHub as getter111 
[info] 
[debug] [2023-05-14T15:23:14.190Z] >>> [apiv2][query] GET https://api.github.com/repos//actions/secrets/public-key type=owner
[debug] [2023-05-14T15:23:14.413Z] <<< [apiv2][status] GET https://api.github.com/repos//actions/secrets/public-key 404
[debug] [2023-05-14T15:23:14.413Z] <<< [apiv2][body] GET https://api.github.com/repos//actions/secrets/public-key {"message":"Not Found","documentation_url":"https://docs.github.com/rest"}
[info] 
[info] 
[error] !  The provided authorization cannot be used with this repository. If this repository is in an organization, did you remember to grant access? 
[info] 
[info] i  Action required: Visit this URL to ensure access has been granted to the appropriate organization(s) for the Firebase CLI GitHub OAuth App: 
[info] https://github.com/settings/connections/applications/89cf50f02ac6aaed3484
[info] 
[debug] [2023-05-14T15:23:35.979Z] >>> [apiv2][query] GET https://api.github.com/repos/getter111/actions/secrets/public-key type=owner
[debug] [2023-05-14T15:23:36.202Z] <<< [apiv2][status] GET https://api.github.com/repos/getter111/actions/secrets/public-key 404
[debug] [2023-05-14T15:23:36.202Z] <<< [apiv2][body] GET https://api.github.com/repos/getter111/actions/secrets/public-key {"message":"Not Found","documentation_url":"https://docs.github.com/rest"}
[info] 
[info] 
[error] !  The provided authorization cannot be used with this repository. If this repository is in an organization, did you remember to grant access? 
[info] 
[info] i  Action required: Visit this URL to ensure access has been granted to the appropriate organization(s) for the Firebase CLI GitHub OAuth App: 
[info] https://github.com/settings/connections/applications/89cf50f02ac6aaed3484
[info] 
[debug] [2023-05-14T15:24:02.273Z] >>> [apiv2][query] GET https://api.github.com/repos//actions/secrets/public-key type=owner
[debug] [2023-05-14T15:24:02.489Z] <<< [apiv2][status] GET https://api.github.com/repos//actions/secrets/public-key 404
[debug] [2023-05-14T15:24:02.489Z] <<< [apiv2][body] GET https://api.github.com/repos//actions/secrets/public-key {"message":"Not Found","documentation_url":"https://docs.github.com/rest"}
[info] 
[info] 
[error] !  The provided authorization cannot be used with this repository. If this repository is in an organization, did you remember to grant access? 
[info] 
[info] i  Action required: Visit this URL to ensure access has been granted to the appropriate organization(s) for the Firebase CLI GitHub OAuth App: 
[info] https://github.com/settings/connections/applications/89cf50f02ac6aaed3484
[info] 
[debug] [2023-05-14T15:24:13.996Z] >>> [apiv2][query] GET https://api.github.com/repos/getter111/firebaseReact/actions/secrets/public-key type=owner
[debug] [2023-05-14T15:24:14.382Z] <<< [apiv2][status] GET https://api.github.com/repos/getter111/firebaseReact/actions/secrets/public-key 404
[debug] [2023-05-14T15:24:14.382Z] <<< [apiv2][body] GET https://api.github.com/repos/getter111/firebaseReact/actions/secrets/public-key {"message":"Not Found","documentation_url":"https://docs.github.com/rest/reference/actions#get-a-repository-public-key"}
[info] 
[info] 
[error] !  The provided authorization cannot be used with this repository. If this repository is in an organization, did you remember to grant access? 
[info] 
[info] i  Action required: Visit this URL to ensure access has been granted to the appropriate organization(s) for the Firebase CLI GitHub OAuth App: 
[info] https://github.com/settings/connections/applications/89cf50f02ac6aaed3484
[info] 
[debug] [2023-05-14T15:24:57.039Z] >>> [apiv2][query] GET https://api.github.com/repos/getter111/firebaseRea/actions/secrets/public-key type=owner
[debug] [2023-05-14T15:24:57.266Z] <<< [apiv2][status] GET https://api.github.com/repos/getter111/firebaseRea/actions/secrets/public-key 404
[debug] [2023-05-14T15:24:57.266Z] <<< [apiv2][body] GET https://api.github.com/repos/getter111/firebaseRea/actions/secrets/public-key {"message":"Not Found","documentation_url":"https://docs.github.com/rest/reference/actions#get-a-repository-public-key"}
[info] 
[info] 
[error] !  The provided authorization cannot be used with this repository. If this repository is in an organization, did you remember to grant access? 
[info] 
[info] i  Action required: Visit this URL to ensure access has been granted to the appropriate organization(s) for the Firebase CLI GitHub OAuth App: 
[info] https://github.com/settings/connections/applications/89cf50f02ac6aaed3484
[info] 
